-- The C compiler identification is AppleClang 15.0.0.15000309
-- The CXX compiler identification is AppleClang 15.0.0.15000309
-- Detecting C compiler ABI info
-- Detecting C compiler ABI info - done
-- Check for working C compiler: /usr/bin/cc - skipped
-- Detecting C compile features
-- Detecting C compile features - done
-- Detecting CXX compiler ABI info
-- Detecting CXX compiler ABI info - done
-- Check for working CXX compiler: /usr/bin/c++ - skipped
-- Detecting CXX compile features
-- Detecting CXX compile features - done
-- Using header-only CGAL
-- Targeting Unix Makefiles
-- Using /usr/bin/c++ compiler.
-- Running in macOS DARWIN_VERSION=23
-- Found GMP: /opt/homebrew/lib/libgmp.dylib
-- Found MPFR: /opt/homebrew/lib/libmpfr.dylib
CMake Warning (dev) at /Volumes/OpenFOAM-v2412/env/lib/cmake/CGAL/CGAL_SetupBoost.cmake:20 (find_package):
  Policy CMP0167 is not set: The FindBoost module is removed.  Run "cmake
  --help-policy CMP0167" for policy details.  Use the cmake_policy command to
  set the policy and suppress this warning.

Call Stack (most recent call first):
  /Volumes/OpenFOAM-v2412/env/lib/cmake/CGAL/CGAL_SetupCGALDependencies.cmake:48 (include)
  /Volumes/OpenFOAM-v2412/env/lib/cmake/CGAL/CGALConfig.cmake:168 (include)
  CMakeLists.txt:14 (find_package)
This warning is for project developers.  Use -Wno-dev to suppress it.

-- Found Boost: /Volumes/OpenFOAM-v2412/env/lib/cmake/Boost-1.86.0/BoostConfig.cmake (found suitable version "1.86.0", minimum required is "1.66")
-- Boost include dirs: /Volumes/OpenFOAM-v2412/env/include
-- Boost libraries:    
-- Performing Test CMAKE_HAVE_LIBC_PTHREAD
-- Performing Test CMAKE_HAVE_LIBC_PTHREAD - Success
-- Found Threads: TRUE
CMake Warning (dev) at CMakeLists.txt:15 (find_package):
  Policy CMP0167 is not set: The FindBoost module is removed.  Run "cmake
  --help-policy CMP0167" for policy details.  Use the cmake_policy command to
  set the policy and suppress this warning.

This warning is for project developers.  Use -Wno-dev to suppress it.

-- Found Boost: /Volumes/OpenFOAM-v2412/env/lib/cmake/Boost-1.86.0/BoostConfig.cmake (found version "1.86.0")
-- Found OpenGL: /Library/Developer/CommandLineTools/SDKs/MacOSX.sdk/System/Library/Frameworks/OpenGL.framework
-- OpenGL libraries: /Library/Developer/CommandLineTools/SDKs/MacOSX.sdk/System/Library/Frameworks/OpenGL.framework
-- Using Cocoa for window creation
-- Found AdTree source files:
--   - skeleton.cpp
--   - tree_viewer.cpp
--   - viewer_imgui.cpp
-- 
-- ========================================
-- Tree Pipeline Configuration:
--   AdTree directory: /Users/jacksonye/Documents/GitHub/TreePara/pipeline/../reconstruction/AdTree
--   CGAL found: 1
--   Boost found: TRUE
--   Build type: Release
-- ========================================
-- 
-- Configuring done (1.5s)
-- Generating done (0.1s)
-- Build files have been written to: /Users/jacksonye/Documents/GitHub/TreePara/pipeline/build
